[Trace - 16:55:29] Sending notification 'window/showMessage'.
Params: {"jsonrpc":"2.0","method":"window/showMessage","params":{"type":2,"message":"VLS is a work-in-progress, pre-alpha language server. It may not be guaranteed to work reliably due to memory issues and other related factors. We encourage you to submit an issue if you encounter any problems."}}

[Trace - 16:55:29] Received request 'initialize - (1)'.
Params: {"jsonrpc": "2.0", "id": 1, "method": "initialize", "params": {"processId": 4840, "clientInfo":{"name": "NppLspClient", "version": "0.0.1"}, "rootUri": "file:///D:/scripts/v/NppLsp/scintilla", "initializationOptions": {}, "capabilities": {"workspace": {"applyEdit": true, "workspaceEdit": {"documentChanges": false}, "didChangeConfiguration": {"dynamicRegistration": false}, "didChangeWatchedFiles": {"dynamicRegistration": false}, "symbol": {"dynamicRegistration": true, "symbolKind": {"valueSet": [1, 2, 3, 4, 5, 6, 7, 8, 9, 10, 11, 12, 13, 14, 15, 16, 17, 18, 19, 20, 21, 22, 23, 24, 25, 26]}}, "executeCommand": {"dynamicRegistration": true}, "configuration": true, "workspaceFolders": true}, "textDocument": {"publishDiagnostics": {"relatedInformation": true}, "synchronization": {"dynamicRegistration": true, "willSave": true, "willSaveWaitUntil": false, "didSave": true}, "completion": {"dynamicRegistration": true, "contextSupport": true, "completionItem": {"snippetSupport": true, "commitCharactersSupport": true, "documentationFormat": ["markdown", "plaintext"], "deprecatedSupport": true}, "completionItemKind": {"valueSet": [1, 2, 3, 4, 5, 6, 7, 8, 9, 10, 11, 12, 13, 14, 15, 16, 17, 18, 19, 20, 21, 22, 23, 24, 25]}}, "hover": {"dynamicRegistration": true, "contentFormat": ["markdown", "plaintext"]}, "signatureHelp": {"dynamicRegistration": true, "signatureInformation": {"documentationFormat": ["markdown", "plaintext"]}}, "definition": {"dynamicRegistration": true}, "references": {"dynamicRegistration": true}, "documentHighlight": {"dynamicRegistration": true}, "documentSymbol": {"dynamicRegistration": true, "symbolKind": {"valueSet": [1, 2, 3, 4, 5, 6, 7, 8, 9, 10, 11, 12, 13, 14, 15, 16, 17, 18, 19, 20, 21, 22, 23, 24, 25, 26]}}, "codeAction": {"dynamicRegistration": true}, "codeLens": {"dynamicRegistration": true}, "formatting": {"dynamicRegistration": true}, "rangeFormatting": {"dynamicRegistration": true}, "onTypeFormatting": {"dynamicRegistration": true}, "rename": {"dynamicRegistration": true}, "documentLink": {"dynamicRegistration": true}, "typeDefinition": {"dynamicRegistration": true}, "implementation": {"dynamicRegistration": true}, "colorProvider": {"dynamicRegistration": true}, "foldingRange": {"dynamicRegistration": false, "rangeLimit": 5000, "lineFoldingOnly": true}}}, "trace": "off", "workspaceFolders": null}}

[Trace - 16:55:29] Sending notification 'window/logMessage'.
Params: {"jsonrpc":"2.0","method":"window/logMessage","params":{"type":3,"message":"VLS Version: 0.0.1.700e30f, OS: windows 64"}}

[Trace - 16:55:29] Sending notification 'window/logMessage'.
Params: {"jsonrpc":"2.0","method":"window/logMessage","params":{"type":3,"message":"VLS executable path: D:\\Repositories\\eko\\vls\\bin\\vls.exe"}}

[Trace - 16:55:29] Sending notification 'window/logMessage'.
Params: {"jsonrpc":"2.0","method":"window/logMessage","params":{"type":3,"message":"VLS build with V ef0eaee"}}

[Trace - 16:55:29] Sending notification 'window/logMessage'.
Params: {"jsonrpc":"2.0","method":"window/logMessage","params":{"type":3,"message":"Client / Editor: NppLspClient 0.0.1"}}

[Trace - 16:55:29] Sending notification 'window/logMessage'.
Params: {"jsonrpc":"2.0","method":"window/logMessage","params":{"type":3,"message":"Using V path (VROOT): D:\\ProgramData\\Compiler\\v"}}

[Trace - 16:55:29] Sending response 'initialize - (1)' took 187ms
Result: {"jsonrpc":"2.0","id":1,"result":{"capabilities":{"textDocumentSync":2,"hoverProvider":true,"completionProvider":{"resolveProvider":false,"triggerCharacters":["=",".",":","{",",","("," "]},"signatureHelpProvider":{"triggerCharacters":["("],"retriggerCharacters":[","," "]},"definitionProvider":true,"typeDefinitionProvider":false,"implementationProvider":true,"referencesProvider":false,"documentHightlightProvider":false,"documentSymbolProvider":true,"workspaceSymbolProvider":true,"codeActionProvider":false,"codeLensProvider":{"resolveProvider":false},"documentFormattingProvider":true,"documentOnTypeFormattingProvider":{"firstTriggerCharacter":"","moreTriggerCharacter":[]},"renameProvider":false,"documentLinkProvider":false,"colorProvider":false,"declarationProvider":false,"executeCommandProvider":"","foldingRangeProvider":true,"experimental":{}}}}

[Trace - 16:55:29] Received notification 'initialized'.
Params: {"jsonrpc": "2.0", "method": "initialized", "params": {}}

[Trace - 16:55:29] Sending response ' - (0)' took 1ms
Result: {"jsonrpc":"2.0","id":null,"error":{"code":-32700,"message":"Invalid JSON.","data":""}}

[Trace - 16:58:45] Received notification 'exit'.
Params: {"jsonrpc": "2.0", "method": "exit", "params": {}}

[Trace - 16:58:45] Received request 'shutdown - (2)'.
Params: {"jsonrpc": "2.0", "id": 2, "method": "shutdown", "params": {}}

[Trace - 16:58:45] Sending response 'shutdown - (2)' took 0ms
Result: {"jsonrpc":"2.0","id":2,"result":"null"}

